{"D:\\UVG\\QUINTO SEMESTRE\\Sistemas y Tecnologias Web\\Labs\\Lab11\\src\\js\\components\\appScreen.jsx": {"path":"D:\\UVG\\QUINTO SEMESTRE\\Sistemas y Tecnologias Web\\Labs\\Lab11\\src\\js\\components\\appScreen.jsx","statementMap":{"0":{"start":{"line":6,"column":34},"end":{"line":6,"column":49}},"1":{"start":{"line":7,"column":30},"end":{"line":7,"column":41}},"2":{"start":{"line":8,"column":24},"end":{"line":8,"column":35}},"3":{"start":{"line":9,"column":50},"end":{"line":9,"column":63}},"4":{"start":{"line":12,"column":26},"end":{"line":25,"column":3}},"5":{"start":{"line":13,"column":4},"end":{"line":24,"column":5}},"6":{"start":{"line":14,"column":6},"end":{"line":23,"column":7}},"7":{"start":{"line":15,"column":8},"end":{"line":19,"column":9}},"8":{"start":{"line":16,"column":10},"end":{"line":16,"column":50}},"9":{"start":{"line":16,"column":30},"end":{"line":16,"column":48}},"10":{"start":{"line":18,"column":10},"end":{"line":18,"column":62}},"11":{"start":{"line":18,"column":30},"end":{"line":18,"column":60}},"12":{"start":{"line":21,"column":8},"end":{"line":21,"column":26}},"13":{"start":{"line":22,"column":8},"end":{"line":22,"column":27}},"14":{"start":{"line":27,"column":27},"end":{"line":32,"column":3}},"15":{"start":{"line":28,"column":4},"end":{"line":28,"column":17}},"16":{"start":{"line":29,"column":4},"end":{"line":29,"column":17}},"17":{"start":{"line":30,"column":4},"end":{"line":30,"column":23}},"18":{"start":{"line":31,"column":4},"end":{"line":31,"column":29}},"19":{"start":{"line":35,"column":14},"end":{"line":47,"column":3}},"20":{"start":{"line":36,"column":4},"end":{"line":36,"column":31}},"21":{"start":{"line":37,"column":4},"end":{"line":45,"column":7}},"22":{"start":{"line":38,"column":18},"end":{"line":38,"column":43}},"23":{"start":{"line":39,"column":6},"end":{"line":42,"column":7}},"24":{"start":{"line":40,"column":8},"end":{"line":40,"column":23}},"25":{"start":{"line":41,"column":8},"end":{"line":41,"column":41}},"26":{"start":{"line":43,"column":6},"end":{"line":43,"column":25}},"27":{"start":{"line":44,"column":6},"end":{"line":44,"column":15}},"28":{"start":{"line":46,"column":4},"end":{"line":46,"column":22}},"29":{"start":{"line":49,"column":15},"end":{"line":66,"column":3}},"30":{"start":{"line":50,"column":4},"end":{"line":50,"column":32}},"31":{"start":{"line":51,"column":4},"end":{"line":64,"column":7}},"32":{"start":{"line":52,"column":16},"end":{"line":52,"column":17}},"33":{"start":{"line":53,"column":6},"end":{"line":57,"column":7}},"34":{"start":{"line":54,"column":8},"end":{"line":54,"column":40}},"35":{"start":{"line":56,"column":8},"end":{"line":56,"column":45}},"36":{"start":{"line":58,"column":6},"end":{"line":61,"column":7}},"37":{"start":{"line":59,"column":8},"end":{"line":59,"column":23}},"38":{"start":{"line":60,"column":8},"end":{"line":60,"column":31}},"39":{"start":{"line":62,"column":6},"end":{"line":62,"column":25}},"40":{"start":{"line":63,"column":6},"end":{"line":63,"column":15}},"41":{"start":{"line":65,"column":4},"end":{"line":65,"column":22}},"42":{"start":{"line":68,"column":16},"end":{"line":85,"column":3}},"43":{"start":{"line":69,"column":4},"end":{"line":69,"column":33}},"44":{"start":{"line":70,"column":4},"end":{"line":83,"column":7}},"45":{"start":{"line":71,"column":16},"end":{"line":71,"column":17}},"46":{"start":{"line":72,"column":6},"end":{"line":76,"column":7}},"47":{"start":{"line":73,"column":8},"end":{"line":73,"column":33}},"48":{"start":{"line":75,"column":8},"end":{"line":75,"column":40}},"49":{"start":{"line":77,"column":6},"end":{"line":80,"column":7}},"50":{"start":{"line":78,"column":8},"end":{"line":78,"column":23}},"51":{"start":{"line":79,"column":8},"end":{"line":79,"column":31}},"52":{"start":{"line":81,"column":6},"end":{"line":81,"column":25}},"53":{"start":{"line":82,"column":6},"end":{"line":82,"column":15}},"54":{"start":{"line":84,"column":4},"end":{"line":84,"column":22}},"55":{"start":{"line":87,"column":14},"end":{"line":105,"column":3}},"56":{"start":{"line":88,"column":4},"end":{"line":88,"column":31}},"57":{"start":{"line":89,"column":4},"end":{"line":103,"column":7}},"58":{"start":{"line":90,"column":16},"end":{"line":90,"column":17}},"59":{"start":{"line":91,"column":6},"end":{"line":96,"column":7}},"60":{"start":{"line":92,"column":8},"end":{"line":92,"column":33}},"61":{"start":{"line":94,"column":21},"end":{"line":94,"column":46}},"62":{"start":{"line":95,"column":8},"end":{"line":95,"column":55}},"63":{"start":{"line":97,"column":6},"end":{"line":100,"column":7}},"64":{"start":{"line":98,"column":8},"end":{"line":98,"column":23}},"65":{"start":{"line":99,"column":8},"end":{"line":99,"column":31}},"66":{"start":{"line":101,"column":6},"end":{"line":101,"column":25}},"67":{"start":{"line":102,"column":6},"end":{"line":102,"column":15}},"68":{"start":{"line":104,"column":4},"end":{"line":104,"column":22}},"69":{"start":{"line":107,"column":14},"end":{"line":125,"column":3}},"70":{"start":{"line":108,"column":4},"end":{"line":108,"column":31}},"71":{"start":{"line":109,"column":4},"end":{"line":123,"column":7}},"72":{"start":{"line":110,"column":16},"end":{"line":110,"column":17}},"73":{"start":{"line":111,"column":6},"end":{"line":116,"column":7}},"74":{"start":{"line":112,"column":8},"end":{"line":112,"column":33}},"75":{"start":{"line":114,"column":21},"end":{"line":114,"column":46}},"76":{"start":{"line":115,"column":8},"end":{"line":115,"column":55}},"77":{"start":{"line":117,"column":6},"end":{"line":120,"column":7}},"78":{"start":{"line":118,"column":8},"end":{"line":118,"column":23}},"79":{"start":{"line":119,"column":8},"end":{"line":119,"column":31}},"80":{"start":{"line":121,"column":6},"end":{"line":121,"column":25}},"81":{"start":{"line":122,"column":6},"end":{"line":122,"column":15}},"82":{"start":{"line":124,"column":4},"end":{"line":124,"column":22}},"83":{"start":{"line":127,"column":17},"end":{"line":129,"column":3}},"84":{"start":{"line":128,"column":4},"end":{"line":128,"column":47}},"85":{"start":{"line":128,"column":24},"end":{"line":128,"column":45}},"86":{"start":{"line":131,"column":16},"end":{"line":144,"column":3}},"87":{"start":{"line":132,"column":4},"end":{"line":142,"column":5}},"88":{"start":{"line":133,"column":6},"end":{"line":133,"column":12}},"89":{"start":{"line":134,"column":11},"end":{"line":142,"column":5}},"90":{"start":{"line":135,"column":6},"end":{"line":135,"column":13}},"91":{"start":{"line":136,"column":11},"end":{"line":142,"column":5}},"92":{"start":{"line":137,"column":6},"end":{"line":137,"column":14}},"93":{"start":{"line":138,"column":11},"end":{"line":142,"column":5}},"94":{"start":{"line":139,"column":6},"end":{"line":139,"column":12}},"95":{"start":{"line":140,"column":11},"end":{"line":142,"column":5}},"96":{"start":{"line":141,"column":6},"end":{"line":141,"column":12}},"97":{"start":{"line":143,"column":4},"end":{"line":143,"column":29}},"98":{"start":{"line":146,"column":2},"end":{"line":257,"column":4}},"99":{"start":{"line":164,"column":27},"end":{"line":164,"column":45}},"100":{"start":{"line":172,"column":27},"end":{"line":172,"column":45}},"101":{"start":{"line":180,"column":27},"end":{"line":180,"column":45}},"102":{"start":{"line":191,"column":27},"end":{"line":191,"column":45}},"103":{"start":{"line":199,"column":27},"end":{"line":199,"column":45}},"104":{"start":{"line":207,"column":27},"end":{"line":207,"column":45}},"105":{"start":{"line":218,"column":27},"end":{"line":218,"column":45}},"106":{"start":{"line":226,"column":27},"end":{"line":226,"column":45}},"107":{"start":{"line":234,"column":27},"end":{"line":234,"column":45}},"108":{"start":{"line":247,"column":27},"end":{"line":247,"column":45}},"109":{"start":{"line":252,"column":53},"end":{"line":252,"column":73}}},"fnMap":{"0":{"name":"AppScreen","decl":{"start":{"line":5,"column":9},"end":{"line":5,"column":18}},"loc":{"start":{"line":5,"column":21},"end":{"line":258,"column":1}},"line":5},"1":{"name":"(anonymous_1)","decl":{"start":{"line":12,"column":26},"end":{"line":12,"column":27}},"loc":{"start":{"line":12,"column":38},"end":{"line":25,"column":3}},"line":12},"2":{"name":"(anonymous_2)","decl":{"start":{"line":16,"column":20},"end":{"line":16,"column":21}},"loc":{"start":{"line":16,"column":30},"end":{"line":16,"column":48}},"line":16},"3":{"name":"(anonymous_3)","decl":{"start":{"line":18,"column":20},"end":{"line":18,"column":21}},"loc":{"start":{"line":18,"column":30},"end":{"line":18,"column":60}},"line":18},"4":{"name":"(anonymous_4)","decl":{"start":{"line":27,"column":27},"end":{"line":27,"column":28}},"loc":{"start":{"line":27,"column":33},"end":{"line":32,"column":3}},"line":27},"5":{"name":"(anonymous_5)","decl":{"start":{"line":35,"column":14},"end":{"line":35,"column":15}},"loc":{"start":{"line":35,"column":20},"end":{"line":47,"column":3}},"line":35},"6":{"name":"(anonymous_6)","decl":{"start":{"line":37,"column":14},"end":{"line":37,"column":15}},"loc":{"start":{"line":37,"column":24},"end":{"line":45,"column":5}},"line":37},"7":{"name":"(anonymous_7)","decl":{"start":{"line":49,"column":15},"end":{"line":49,"column":16}},"loc":{"start":{"line":49,"column":21},"end":{"line":66,"column":3}},"line":49},"8":{"name":"(anonymous_8)","decl":{"start":{"line":51,"column":14},"end":{"line":51,"column":15}},"loc":{"start":{"line":51,"column":24},"end":{"line":64,"column":5}},"line":51},"9":{"name":"(anonymous_9)","decl":{"start":{"line":68,"column":16},"end":{"line":68,"column":17}},"loc":{"start":{"line":68,"column":22},"end":{"line":85,"column":3}},"line":68},"10":{"name":"(anonymous_10)","decl":{"start":{"line":70,"column":14},"end":{"line":70,"column":15}},"loc":{"start":{"line":70,"column":24},"end":{"line":83,"column":5}},"line":70},"11":{"name":"(anonymous_11)","decl":{"start":{"line":87,"column":14},"end":{"line":87,"column":15}},"loc":{"start":{"line":87,"column":20},"end":{"line":105,"column":3}},"line":87},"12":{"name":"(anonymous_12)","decl":{"start":{"line":89,"column":14},"end":{"line":89,"column":15}},"loc":{"start":{"line":89,"column":24},"end":{"line":103,"column":5}},"line":89},"13":{"name":"(anonymous_13)","decl":{"start":{"line":107,"column":14},"end":{"line":107,"column":15}},"loc":{"start":{"line":107,"column":20},"end":{"line":125,"column":3}},"line":107},"14":{"name":"(anonymous_14)","decl":{"start":{"line":109,"column":14},"end":{"line":109,"column":15}},"loc":{"start":{"line":109,"column":24},"end":{"line":123,"column":5}},"line":109},"15":{"name":"(anonymous_15)","decl":{"start":{"line":127,"column":17},"end":{"line":127,"column":18}},"loc":{"start":{"line":127,"column":23},"end":{"line":129,"column":3}},"line":127},"16":{"name":"(anonymous_16)","decl":{"start":{"line":128,"column":14},"end":{"line":128,"column":15}},"loc":{"start":{"line":128,"column":24},"end":{"line":128,"column":45}},"line":128},"17":{"name":"(anonymous_17)","decl":{"start":{"line":131,"column":16},"end":{"line":131,"column":17}},"loc":{"start":{"line":131,"column":22},"end":{"line":144,"column":3}},"line":131},"18":{"name":"(anonymous_18)","decl":{"start":{"line":164,"column":21},"end":{"line":164,"column":22}},"loc":{"start":{"line":164,"column":27},"end":{"line":164,"column":45}},"line":164},"19":{"name":"(anonymous_19)","decl":{"start":{"line":172,"column":21},"end":{"line":172,"column":22}},"loc":{"start":{"line":172,"column":27},"end":{"line":172,"column":45}},"line":172},"20":{"name":"(anonymous_20)","decl":{"start":{"line":180,"column":21},"end":{"line":180,"column":22}},"loc":{"start":{"line":180,"column":27},"end":{"line":180,"column":45}},"line":180},"21":{"name":"(anonymous_21)","decl":{"start":{"line":191,"column":21},"end":{"line":191,"column":22}},"loc":{"start":{"line":191,"column":27},"end":{"line":191,"column":45}},"line":191},"22":{"name":"(anonymous_22)","decl":{"start":{"line":199,"column":21},"end":{"line":199,"column":22}},"loc":{"start":{"line":199,"column":27},"end":{"line":199,"column":45}},"line":199},"23":{"name":"(anonymous_23)","decl":{"start":{"line":207,"column":21},"end":{"line":207,"column":22}},"loc":{"start":{"line":207,"column":27},"end":{"line":207,"column":45}},"line":207},"24":{"name":"(anonymous_24)","decl":{"start":{"line":218,"column":21},"end":{"line":218,"column":22}},"loc":{"start":{"line":218,"column":27},"end":{"line":218,"column":45}},"line":218},"25":{"name":"(anonymous_25)","decl":{"start":{"line":226,"column":21},"end":{"line":226,"column":22}},"loc":{"start":{"line":226,"column":27},"end":{"line":226,"column":45}},"line":226},"26":{"name":"(anonymous_26)","decl":{"start":{"line":234,"column":21},"end":{"line":234,"column":22}},"loc":{"start":{"line":234,"column":27},"end":{"line":234,"column":45}},"line":234},"27":{"name":"(anonymous_27)","decl":{"start":{"line":247,"column":21},"end":{"line":247,"column":22}},"loc":{"start":{"line":247,"column":27},"end":{"line":247,"column":45}},"line":247},"28":{"name":"(anonymous_28)","decl":{"start":{"line":252,"column":47},"end":{"line":252,"column":48}},"loc":{"start":{"line":252,"column":53},"end":{"line":252,"column":73}},"line":252}},"branchMap":{"0":{"loc":{"start":{"line":13,"column":4},"end":{"line":24,"column":5}},"type":"if","locations":[{"start":{"line":13,"column":4},"end":{"line":24,"column":5}},{"start":{},"end":{}}],"line":13},"1":{"loc":{"start":{"line":14,"column":6},"end":{"line":23,"column":7}},"type":"if","locations":[{"start":{"line":14,"column":6},"end":{"line":23,"column":7}},{"start":{"line":20,"column":13},"end":{"line":23,"column":7}}],"line":14},"2":{"loc":{"start":{"line":15,"column":8},"end":{"line":19,"column":9}},"type":"if","locations":[{"start":{"line":15,"column":8},"end":{"line":19,"column":9}},{"start":{"line":17,"column":15},"end":{"line":19,"column":9}}],"line":15},"3":{"loc":{"start":{"line":15,"column":12},"end":{"line":15,"column":59}},"type":"binary-expr","locations":[{"start":{"line":15,"column":12},"end":{"line":15,"column":26}},{"start":{"line":15,"column":30},"end":{"line":15,"column":59}}],"line":15},"4":{"loc":{"start":{"line":39,"column":6},"end":{"line":42,"column":7}},"type":"if","locations":[{"start":{"line":39,"column":6},"end":{"line":42,"column":7}},{"start":{},"end":{}}],"line":39},"5":{"loc":{"start":{"line":53,"column":6},"end":{"line":57,"column":7}},"type":"if","locations":[{"start":{"line":53,"column":6},"end":{"line":57,"column":7}},{"start":{"line":55,"column":13},"end":{"line":57,"column":7}}],"line":53},"6":{"loc":{"start":{"line":58,"column":6},"end":{"line":61,"column":7}},"type":"if","locations":[{"start":{"line":58,"column":6},"end":{"line":61,"column":7}},{"start":{},"end":{}}],"line":58},"7":{"loc":{"start":{"line":72,"column":6},"end":{"line":76,"column":7}},"type":"if","locations":[{"start":{"line":72,"column":6},"end":{"line":76,"column":7}},{"start":{"line":74,"column":13},"end":{"line":76,"column":7}}],"line":72},"8":{"loc":{"start":{"line":77,"column":6},"end":{"line":80,"column":7}},"type":"if","locations":[{"start":{"line":77,"column":6},"end":{"line":80,"column":7}},{"start":{},"end":{}}],"line":77},"9":{"loc":{"start":{"line":91,"column":6},"end":{"line":96,"column":7}},"type":"if","locations":[{"start":{"line":91,"column":6},"end":{"line":96,"column":7}},{"start":{"line":93,"column":13},"end":{"line":96,"column":7}}],"line":91},"10":{"loc":{"start":{"line":97,"column":6},"end":{"line":100,"column":7}},"type":"if","locations":[{"start":{"line":97,"column":6},"end":{"line":100,"column":7}},{"start":{},"end":{}}],"line":97},"11":{"loc":{"start":{"line":111,"column":6},"end":{"line":116,"column":7}},"type":"if","locations":[{"start":{"line":111,"column":6},"end":{"line":116,"column":7}},{"start":{"line":113,"column":13},"end":{"line":116,"column":7}}],"line":111},"12":{"loc":{"start":{"line":117,"column":6},"end":{"line":120,"column":7}},"type":"if","locations":[{"start":{"line":117,"column":6},"end":{"line":120,"column":7}},{"start":{},"end":{}}],"line":117},"13":{"loc":{"start":{"line":132,"column":4},"end":{"line":142,"column":5}},"type":"if","locations":[{"start":{"line":132,"column":4},"end":{"line":142,"column":5}},{"start":{"line":134,"column":11},"end":{"line":142,"column":5}}],"line":132},"14":{"loc":{"start":{"line":134,"column":11},"end":{"line":142,"column":5}},"type":"if","locations":[{"start":{"line":134,"column":11},"end":{"line":142,"column":5}},{"start":{"line":136,"column":11},"end":{"line":142,"column":5}}],"line":134},"15":{"loc":{"start":{"line":136,"column":11},"end":{"line":142,"column":5}},"type":"if","locations":[{"start":{"line":136,"column":11},"end":{"line":142,"column":5}},{"start":{"line":138,"column":11},"end":{"line":142,"column":5}}],"line":136},"16":{"loc":{"start":{"line":138,"column":11},"end":{"line":142,"column":5}},"type":"if","locations":[{"start":{"line":138,"column":11},"end":{"line":142,"column":5}},{"start":{"line":140,"column":11},"end":{"line":142,"column":5}}],"line":138},"17":{"loc":{"start":{"line":140,"column":11},"end":{"line":142,"column":5}},"type":"if","locations":[{"start":{"line":140,"column":11},"end":{"line":142,"column":5}},{"start":{},"end":{}}],"line":140}},"s":{"0":59,"1":59,"2":59,"3":59,"4":59,"5":27,"6":26,"7":20,"8":2,"9":2,"10":18,"11":18,"12":6,"13":6,"14":59,"15":1,"16":1,"17":1,"18":1,"19":59,"20":7,"21":7,"22":7,"23":7,"24":7,"25":7,"26":0,"27":0,"28":7,"29":59,"30":0,"31":0,"32":0,"33":0,"34":0,"35":0,"36":0,"37":0,"38":0,"39":0,"40":0,"41":0,"42":59,"43":2,"44":2,"45":2,"46":2,"47":0,"48":2,"49":2,"50":2,"51":2,"52":0,"53":0,"54":2,"55":59,"56":2,"57":2,"58":2,"59":2,"60":1,"61":1,"62":1,"63":2,"64":2,"65":2,"66":0,"67":0,"68":2,"69":59,"70":0,"71":0,"72":0,"73":0,"74":0,"75":0,"76":0,"77":0,"78":0,"79":0,"80":0,"81":0,"82":0,"83":59,"84":1,"85":1,"86":59,"87":5,"88":3,"89":2,"90":0,"91":2,"92":1,"93":1,"94":1,"95":0,"96":0,"97":5,"98":59,"99":2,"100":1,"101":1,"102":2,"103":1,"104":1,"105":6,"106":8,"107":2,"108":0,"109":3},"f":{"0":59,"1":27,"2":2,"3":18,"4":1,"5":7,"6":7,"7":0,"8":0,"9":2,"10":2,"11":2,"12":2,"13":0,"14":0,"15":1,"16":1,"17":5,"18":2,"19":1,"20":1,"21":2,"22":1,"23":1,"24":6,"25":8,"26":2,"27":0,"28":3},"b":{"0":[26,1],"1":[20,6],"2":[2,18],"3":[20,3],"4":[7,0],"5":[0,0],"6":[0,0],"7":[0,2],"8":[2,0],"9":[1,1],"10":[2,0],"11":[0,0],"12":[0,0],"13":[3,2],"14":[0,2],"15":[1,1],"16":[1,0],"17":[0,0]},"_coverageSchema":"1a1c01bbd47fc00a2c39e90264f33305004495a9","hash":"bd27420b7b5d607422ce06b674b8f67a4b35b954"}
}
