TN:
SF:src\js\components\appScreen.jsx
FN:5,AppScreen
FN:12,(anonymous_1)
FN:16,(anonymous_2)
FN:18,(anonymous_3)
FN:27,(anonymous_4)
FN:35,(anonymous_5)
FN:37,(anonymous_6)
FN:49,(anonymous_7)
FN:51,(anonymous_8)
FN:68,(anonymous_9)
FN:70,(anonymous_10)
FN:87,(anonymous_11)
FN:89,(anonymous_12)
FN:107,(anonymous_13)
FN:109,(anonymous_14)
FN:127,(anonymous_15)
FN:128,(anonymous_16)
FN:131,(anonymous_17)
FN:164,(anonymous_18)
FN:172,(anonymous_19)
FN:180,(anonymous_20)
FN:191,(anonymous_21)
FN:199,(anonymous_22)
FN:207,(anonymous_23)
FN:218,(anonymous_24)
FN:226,(anonymous_25)
FN:234,(anonymous_26)
FN:247,(anonymous_27)
FN:252,(anonymous_28)
FNF:29
FNH:24
FNDA:59,AppScreen
FNDA:27,(anonymous_1)
FNDA:2,(anonymous_2)
FNDA:18,(anonymous_3)
FNDA:1,(anonymous_4)
FNDA:7,(anonymous_5)
FNDA:7,(anonymous_6)
FNDA:0,(anonymous_7)
FNDA:0,(anonymous_8)
FNDA:2,(anonymous_9)
FNDA:2,(anonymous_10)
FNDA:2,(anonymous_11)
FNDA:2,(anonymous_12)
FNDA:0,(anonymous_13)
FNDA:0,(anonymous_14)
FNDA:1,(anonymous_15)
FNDA:1,(anonymous_16)
FNDA:5,(anonymous_17)
FNDA:2,(anonymous_18)
FNDA:1,(anonymous_19)
FNDA:1,(anonymous_20)
FNDA:2,(anonymous_21)
FNDA:1,(anonymous_22)
FNDA:1,(anonymous_23)
FNDA:6,(anonymous_24)
FNDA:8,(anonymous_25)
FNDA:2,(anonymous_26)
FNDA:0,(anonymous_27)
FNDA:3,(anonymous_28)
DA:6,59
DA:7,59
DA:8,59
DA:9,59
DA:12,59
DA:13,27
DA:14,26
DA:15,20
DA:16,2
DA:18,18
DA:21,6
DA:22,6
DA:27,59
DA:28,1
DA:29,1
DA:30,1
DA:31,1
DA:35,59
DA:36,7
DA:37,7
DA:38,7
DA:39,7
DA:40,7
DA:41,7
DA:43,0
DA:44,0
DA:46,7
DA:49,59
DA:50,0
DA:51,0
DA:52,0
DA:53,0
DA:54,0
DA:56,0
DA:58,0
DA:59,0
DA:60,0
DA:62,0
DA:63,0
DA:65,0
DA:68,59
DA:69,2
DA:70,2
DA:71,2
DA:72,2
DA:73,0
DA:75,2
DA:77,2
DA:78,2
DA:79,2
DA:81,0
DA:82,0
DA:84,2
DA:87,59
DA:88,2
DA:89,2
DA:90,2
DA:91,2
DA:92,1
DA:94,1
DA:95,1
DA:97,2
DA:98,2
DA:99,2
DA:101,0
DA:102,0
DA:104,2
DA:107,59
DA:108,0
DA:109,0
DA:110,0
DA:111,0
DA:112,0
DA:114,0
DA:115,0
DA:117,0
DA:118,0
DA:119,0
DA:121,0
DA:122,0
DA:124,0
DA:127,59
DA:128,1
DA:131,59
DA:132,5
DA:133,3
DA:134,2
DA:135,0
DA:136,2
DA:137,1
DA:138,1
DA:139,1
DA:140,0
DA:141,0
DA:143,5
DA:146,59
DA:164,2
DA:172,1
DA:180,1
DA:191,2
DA:199,1
DA:207,1
DA:218,6
DA:226,8
DA:234,2
DA:247,0
DA:252,3
LF:107
LH:71
BRDA:13,0,0,26
BRDA:13,0,1,1
BRDA:14,1,0,20
BRDA:14,1,1,6
BRDA:15,2,0,2
BRDA:15,2,1,18
BRDA:15,3,0,20
BRDA:15,3,1,3
BRDA:39,4,0,7
BRDA:39,4,1,0
BRDA:53,5,0,0
BRDA:53,5,1,0
BRDA:58,6,0,0
BRDA:58,6,1,0
BRDA:72,7,0,0
BRDA:72,7,1,2
BRDA:77,8,0,2
BRDA:77,8,1,0
BRDA:91,9,0,1
BRDA:91,9,1,1
BRDA:97,10,0,2
BRDA:97,10,1,0
BRDA:111,11,0,0
BRDA:111,11,1,0
BRDA:117,12,0,0
BRDA:117,12,1,0
BRDA:132,13,0,3
BRDA:132,13,1,2
BRDA:134,14,0,0
BRDA:134,14,1,2
BRDA:136,15,0,1
BRDA:136,15,1,1
BRDA:138,16,0,1
BRDA:138,16,1,0
BRDA:140,17,0,0
BRDA:140,17,1,0
BRF:36
BRH:20
end_of_record
